<?xml version="1.0" encoding="UTF-8"?>
<!-- Generated by org.testng.reporters.JUnitReportReporter -->
<testsuite skipped="0" hostname="neelam-pc" name="basicsOfTestng.TestngBasics" tests="4" failures="0" timestamp="26 Apr 2020 10:56:00 GMT" time="0.046" errors="0">
  <testcase name="test4" time="0.015" classname="basicsOfTestng.TestngBasics"/>
  <testcase name="test1" time="0.031" classname="basicsOfTestng.TestngBasics"/>
  <testcase name="test2" time="0.000" classname="basicsOfTestng.TestngBasics"/>
  <testcase name="test3" time="0.000" classname="basicsOfTestng.TestngBasics"/>
</testsuite> <!-- basicsOfTestng.TestngBasics -->
