<?xml version="1.0" encoding="UTF-8"?>
<!-- Generated by org.testng.reporters.JUnitReportReporter -->
<testsuite skipped="0" hostname="neelam-pc" name="basicsOfTestng.ValidationUsingAssert" tests="1" failures="0" timestamp="26 Apr 2020 10:56:01 GMT" time="0.016" errors="0">
  <testcase name="assert1" time="0.016" classname="basicsOfTestng.ValidationUsingAssert"/>
</testsuite> <!-- basicsOfTestng.ValidationUsingAssert -->
